<?xml version="1.0" encoding="UTF-8"?>
<!-- Generated by org.testng.reporters.JUnitXMLReporter -->
<testsuite ignored="0" hostname="DESKTOP-B64PC49" failures="0" tests="8" name="Test" time="72.402" errors="0" timestamp="2025-09-05T11:46:40 IST">
  <testcase classname="demo.demo_7" name="test3" time="5.755"/>
  <testcase classname="demo.demo_2" name="test3" time="2.987"/>
  <testcase classname="demo.demo_1" name="test1" time="2.754"/>
  <testcase classname="demo.demo_1" name="test2" time="2.899"/>
  <testcase classname="demo.demo_4" name="test3" time="3.963"/>
  <testcase classname="demo.demo_3" name="test3" time="5.963"/>
  <testcase classname="demo.demo_6" name="test3" time="45.441"/>
  <testcase classname="demo.demo_5" name="test3" time="2.483"/>
</testsuite> <!-- Test -->
