<?xml version="1.0" encoding="UTF-8"?>
<!-- Generated by org.testng.reporters.JUnitXMLReporter -->
<testsuite ignored="0" hostname="DESKTOP-B64PC49" failures="0" tests="8" name="Test" time="50.028" errors="0" timestamp="2025-09-05T17:57:58 IST">
  <testcase classname="demo.demo_7" name="test3" time="7.756"/>
  <testcase classname="demo.demo_2" name="test3" time="4.235"/>
  <testcase classname="demo.demo_1" name="test1" time="3.741"/>
  <testcase classname="demo.demo_1" name="test2" time="4.401"/>
  <testcase classname="demo.demo_4" name="test3" time="4.58"/>
  <testcase classname="demo.demo_3" name="test3" time="9.152"/>
  <testcase classname="demo.demo_6" name="test3" time="12.17"/>
  <testcase classname="demo.demo_5" name="test3" time="3.782"/>
</testsuite> <!-- Test -->
