<?xml version="1.0" encoding="UTF-8"?>
<testsuite xmlns:xsi="http://www.w3.org/2001/XMLSchema-instance" xsi:noNamespaceSchemaLocation="https://maven.apache.org/surefire/maven-surefire-plugin/xsd/surefire-test-report-3.0.xsd" version="3.0" name="TestSuite" time="7.218" tests="3" errors="0" skipped="0" failures="0">
  <properties>
[...]
</properties>
  <testcase name="test3" classname="demo.demo_2" time="2.362">
    <system-out><![CDATA[03:15:45.225 [main] DEBUG org.testng.TestNG -- suiteXmlPath: "C:\Users\AMIT\eclipse-workspace\vendget\testng.xml"
03:15:45.513 [main] DEBUG io.github.bonigarcia.wdm.WebDriverManager -- Using WebDriverManager 5.7.0
03:15:45.824 [main] DEBUG io.github.bonigarcia.wdm.cache.ResolutionCache -- Resolution chrome=138 in cache (valid until 03:50:26 07/08/2025 IST)
03:15:45.825 [main] DEBUG io.github.bonigarcia.wdm.cache.ResolutionCache -- Resolution chrome138=138.0.7204.183 in cache (valid until 02:50:26 08/08/2025 IST)
03:15:45.826 [main] INFO io.github.bonigarcia.wdm.WebDriverManager -- Using chromedriver 138.0.7204.183 (resolved driver for Chrome 138)
03:15:45.848 [main] DEBUG io.github.bonigarcia.wdm.WebDriverManager -- Driver chromedriver 138.0.7204.183 found in cache
03:15:45.849 [main] INFO io.github.bonigarcia.wdm.WebDriverManager -- Exporting webdriver.chrome.driver as C:\Windows\system32\config\systemprofile\.cache\selenium\chromedriver\win64\138.0.7204.183\chromedriver.exe
]]></system-out>
    <system-err><![CDATA[Aug 07, 2025 3:15:46 AM org.openqa.selenium.devtools.CdpVersionFinder findNearestMatch
WARNING: Unable to find CDP implementation matching 138
Aug 07, 2025 3:15:46 AM org.openqa.selenium.chromium.ChromiumDriver lambda$new$5
WARNING: Unable to find version of CDP to use for 138.0.7204.184. You may need to include a dependency on a specific version of the CDP using something similar to `org.seleniumhq.selenium:selenium-devtools-v86:4.21.0` where the version ("v86") matches the version of the chromium-based browser you're using and the version number of the artifact is the same as Selenium's.
]]></system-err>
  </testcase>
  <testcase name="test1" classname="demo.demo_1" time="1.775">
    <system-out><![CDATA[03:15:47.861 [main] DEBUG io.github.bonigarcia.wdm.WebDriverManager -- Using WebDriverManager 5.7.0
03:15:47.875 [main] DEBUG io.github.bonigarcia.wdm.cache.ResolutionCache -- Resolution chrome=138 in cache (valid until 03:50:26 07/08/2025 IST)
03:15:47.875 [main] DEBUG io.github.bonigarcia.wdm.cache.ResolutionCache -- Resolution chrome138=138.0.7204.183 in cache (valid until 02:50:26 08/08/2025 IST)
03:15:47.876 [main] INFO io.github.bonigarcia.wdm.WebDriverManager -- Using chromedriver 138.0.7204.183 (resolved driver for Chrome 138)
03:15:47.884 [main] DEBUG io.github.bonigarcia.wdm.WebDriverManager -- Driver chromedriver 138.0.7204.183 found in cache
03:15:47.884 [main] INFO io.github.bonigarcia.wdm.WebDriverManager -- Exporting webdriver.chrome.driver as C:\Windows\system32\config\systemprofile\.cache\selenium\chromedriver\win64\138.0.7204.183\chromedriver.exe
]]></system-out>
    <system-err><![CDATA[Aug 07, 2025 3:15:48 AM org.openqa.selenium.devtools.CdpVersionFinder findNearestMatch
WARNING: Unable to find CDP implementation matching 138
Aug 07, 2025 3:15:48 AM org.openqa.selenium.chromium.ChromiumDriver lambda$new$5
WARNING: Unable to find version of CDP to use for 138.0.7204.184. You may need to include a dependency on a specific version of the CDP using something similar to `org.seleniumhq.selenium:selenium-devtools-v86:4.21.0` where the version ("v86") matches the version of the chromium-based browser you're using and the version number of the artifact is the same as Selenium's.
]]></system-err>
  </testcase>
  <testcase name="test2" classname="demo.demo_1" time="2.592">
    <system-out><![CDATA[03:15:49.637 [main] DEBUG io.github.bonigarcia.wdm.WebDriverManager -- Using WebDriverManager 5.7.0
03:15:49.657 [main] DEBUG io.github.bonigarcia.wdm.cache.ResolutionCache -- Resolution chrome=138 in cache (valid until 03:50:26 07/08/2025 IST)
03:15:49.658 [main] DEBUG io.github.bonigarcia.wdm.cache.ResolutionCache -- Resolution chrome138=138.0.7204.183 in cache (valid until 02:50:26 08/08/2025 IST)
03:15:49.659 [main] INFO io.github.bonigarcia.wdm.WebDriverManager -- Using chromedriver 138.0.7204.183 (resolved driver for Chrome 138)
03:15:49.667 [main] DEBUG io.github.bonigarcia.wdm.WebDriverManager -- Driver chromedriver 138.0.7204.183 found in cache
03:15:49.668 [main] INFO io.github.bonigarcia.wdm.WebDriverManager -- Exporting webdriver.chrome.driver as C:\Windows\system32\config\systemprofile\.cache\selenium\chromedriver\win64\138.0.7204.183\chromedriver.exe
]]></system-out>
    <system-err><![CDATA[Aug 07, 2025 3:15:50 AM org.openqa.selenium.devtools.CdpVersionFinder findNearestMatch
WARNING: Unable to find CDP implementation matching 138
Aug 07, 2025 3:15:50 AM org.openqa.selenium.chromium.ChromiumDriver lambda$new$5
WARNING: Unable to find version of CDP to use for 138.0.7204.184. You may need to include a dependency on a specific version of the CDP using something similar to `org.seleniumhq.selenium:selenium-devtools-v86:4.21.0` where the version ("v86") matches the version of the chromium-based browser you're using and the version number of the artifact is the same as Selenium's.
]]></system-err>
  </testcase>
</testsuite>