<?xml version="1.0" encoding="UTF-8"?>
<testsuite xmlns:xsi="http://www.w3.org/2001/XMLSchema-instance" xsi:noNamespaceSchemaLocation="https://maven.apache.org/surefire/maven-surefire-plugin/xsd/surefire-test-report-3.0.xsd" version="3.0" name="TestSuite" time="51.968" tests="8" errors="0" skipped="0" failures="0">
  <properties>
[...]
</properties>
  <testcase name="test3" classname="demo.demo_7" time="7.753">
    <system-out><![CDATA[17:57:07.699 [main] DEBUG org.testng.TestNG -- suiteXmlPath: "C:\Users\AMIT\eclipse-workspace\vendget\testng.xml"
17:57:09.091 [main] DEBUG io.github.bonigarcia.wdm.WebDriverManager -- Using WebDriverManager 5.7.0
17:57:10.440 [main] DEBUG io.github.bonigarcia.wdm.cache.ResolutionCache -- Resolution chrome=139 in cache (valid until 18:31:41 05/09/2025 IST)
17:57:10.444 [main] DEBUG io.github.bonigarcia.wdm.cache.ResolutionCache -- Resolution chrome139=139.0.7258.154 in cache (valid until 17:31:41 06/09/2025 IST)
17:57:10.445 [main] INFO io.github.bonigarcia.wdm.WebDriverManager -- Using chromedriver 139.0.7258.154 (resolved driver for Chrome 139)
17:57:10.494 [main] DEBUG io.github.bonigarcia.wdm.WebDriverManager -- Driver chromedriver 139.0.7258.154 found in cache
17:57:10.496 [main] INFO io.github.bonigarcia.wdm.WebDriverManager -- Exporting webdriver.chrome.driver as C:\Windows\system32\config\systemprofile\.cache\selenium\chromedriver\win64\139.0.7258.154\chromedriver.exe
]]></system-out>
    <system-err><![CDATA[Sept 05, 2025 5:57:13 PM org.openqa.selenium.devtools.CdpVersionFinder findNearestMatch
WARNING: Unable to find CDP implementation matching 139
Sept 05, 2025 5:57:13 PM org.openqa.selenium.chromium.ChromiumDriver lambda$new$5
WARNING: Unable to find version of CDP to use for 139.0.7258.155. You may need to include a dependency on a specific version of the CDP using something similar to `org.seleniumhq.selenium:selenium-devtools-v86:4.21.0` where the version ("v86") matches the version of the chromium-based browser you're using and the version number of the artifact is the same as Selenium's.
]]></system-err>
  </testcase>
  <testcase name="test3" classname="demo.demo_2" time="4.236">
    <system-out><![CDATA[17:57:16.750 [main] DEBUG io.github.bonigarcia.wdm.WebDriverManager -- Using WebDriverManager 5.7.0
17:57:16.825 [main] DEBUG io.github.bonigarcia.wdm.cache.ResolutionCache -- Resolution chrome=139 in cache (valid until 18:31:41 05/09/2025 IST)
17:57:16.830 [main] DEBUG io.github.bonigarcia.wdm.cache.ResolutionCache -- Resolution chrome139=139.0.7258.154 in cache (valid until 17:31:41 06/09/2025 IST)
17:57:16.830 [main] INFO io.github.bonigarcia.wdm.WebDriverManager -- Using chromedriver 139.0.7258.154 (resolved driver for Chrome 139)
17:57:16.897 [main] DEBUG io.github.bonigarcia.wdm.WebDriverManager -- Driver chromedriver 139.0.7258.154 found in cache
17:57:16.902 [main] INFO io.github.bonigarcia.wdm.WebDriverManager -- Exporting webdriver.chrome.driver as C:\Windows\system32\config\systemprofile\.cache\selenium\chromedriver\win64\139.0.7258.154\chromedriver.exe
]]></system-out>
    <system-err><![CDATA[Sept 05, 2025 5:57:18 PM org.openqa.selenium.devtools.CdpVersionFinder findNearestMatch
WARNING: Unable to find CDP implementation matching 139
Sept 05, 2025 5:57:18 PM org.openqa.selenium.chromium.ChromiumDriver lambda$new$5
WARNING: Unable to find version of CDP to use for 139.0.7258.155. You may need to include a dependency on a specific version of the CDP using something similar to `org.seleniumhq.selenium:selenium-devtools-v86:4.21.0` where the version ("v86") matches the version of the chromium-based browser you're using and the version number of the artifact is the same as Selenium's.
]]></system-err>
  </testcase>
  <testcase name="test1" classname="demo.demo_1" time="3.741">
    <system-out><![CDATA[17:57:20.991 [main] DEBUG io.github.bonigarcia.wdm.WebDriverManager -- Using WebDriverManager 5.7.0
17:57:21.070 [main] DEBUG io.github.bonigarcia.wdm.cache.ResolutionCache -- Resolution chrome=139 in cache (valid until 18:31:41 05/09/2025 IST)
17:57:21.074 [main] DEBUG io.github.bonigarcia.wdm.cache.ResolutionCache -- Resolution chrome139=139.0.7258.154 in cache (valid until 17:31:41 06/09/2025 IST)
17:57:21.076 [main] INFO io.github.bonigarcia.wdm.WebDriverManager -- Using chromedriver 139.0.7258.154 (resolved driver for Chrome 139)
17:57:21.141 [main] DEBUG io.github.bonigarcia.wdm.WebDriverManager -- Driver chromedriver 139.0.7258.154 found in cache
17:57:21.146 [main] INFO io.github.bonigarcia.wdm.WebDriverManager -- Exporting webdriver.chrome.driver as C:\Windows\system32\config\systemprofile\.cache\selenium\chromedriver\win64\139.0.7258.154\chromedriver.exe
]]></system-out>
    <system-err><![CDATA[Sept 05, 2025 5:57:23 PM org.openqa.selenium.devtools.CdpVersionFinder findNearestMatch
WARNING: Unable to find CDP implementation matching 139
Sept 05, 2025 5:57:23 PM org.openqa.selenium.chromium.ChromiumDriver lambda$new$5
WARNING: Unable to find version of CDP to use for 139.0.7258.155. You may need to include a dependency on a specific version of the CDP using something similar to `org.seleniumhq.selenium:selenium-devtools-v86:4.21.0` where the version ("v86") matches the version of the chromium-based browser you're using and the version number of the artifact is the same as Selenium's.
]]></system-err>
  </testcase>
  <testcase name="test2" classname="demo.demo_1" time="4.403">
    <system-out><![CDATA[17:57:24.729 [main] DEBUG io.github.bonigarcia.wdm.WebDriverManager -- Using WebDriverManager 5.7.0
17:57:24.764 [main] DEBUG io.github.bonigarcia.wdm.cache.ResolutionCache -- Resolution chrome=139 in cache (valid until 18:31:41 05/09/2025 IST)
17:57:24.766 [main] DEBUG io.github.bonigarcia.wdm.cache.ResolutionCache -- Resolution chrome139=139.0.7258.154 in cache (valid until 17:31:41 06/09/2025 IST)
17:57:24.766 [main] INFO io.github.bonigarcia.wdm.WebDriverManager -- Using chromedriver 139.0.7258.154 (resolved driver for Chrome 139)
17:57:24.794 [main] DEBUG io.github.bonigarcia.wdm.WebDriverManager -- Driver chromedriver 139.0.7258.154 found in cache
17:57:24.796 [main] INFO io.github.bonigarcia.wdm.WebDriverManager -- Exporting webdriver.chrome.driver as C:\Windows\system32\config\systemprofile\.cache\selenium\chromedriver\win64\139.0.7258.154\chromedriver.exe
]]></system-out>
    <system-err><![CDATA[Sept 05, 2025 5:57:27 PM org.openqa.selenium.devtools.CdpVersionFinder findNearestMatch
WARNING: Unable to find CDP implementation matching 139
Sept 05, 2025 5:57:27 PM org.openqa.selenium.chromium.ChromiumDriver lambda$new$5
WARNING: Unable to find version of CDP to use for 139.0.7258.155. You may need to include a dependency on a specific version of the CDP using something similar to `org.seleniumhq.selenium:selenium-devtools-v86:4.21.0` where the version ("v86") matches the version of the chromium-based browser you're using and the version number of the artifact is the same as Selenium's.
]]></system-err>
  </testcase>
  <testcase name="test3" classname="demo.demo_4" time="4.58">
    <system-out><![CDATA[17:57:29.140 [main] DEBUG io.github.bonigarcia.wdm.WebDriverManager -- Using WebDriverManager 5.7.0
17:57:29.216 [main] DEBUG io.github.bonigarcia.wdm.cache.ResolutionCache -- Resolution chrome=139 in cache (valid until 18:31:41 05/09/2025 IST)
17:57:29.221 [main] DEBUG io.github.bonigarcia.wdm.cache.ResolutionCache -- Resolution chrome139=139.0.7258.154 in cache (valid until 17:31:41 06/09/2025 IST)
17:57:29.222 [main] INFO io.github.bonigarcia.wdm.WebDriverManager -- Using chromedriver 139.0.7258.154 (resolved driver for Chrome 139)
17:57:29.276 [main] DEBUG io.github.bonigarcia.wdm.WebDriverManager -- Driver chromedriver 139.0.7258.154 found in cache
17:57:29.280 [main] INFO io.github.bonigarcia.wdm.WebDriverManager -- Exporting webdriver.chrome.driver as C:\Windows\system32\config\systemprofile\.cache\selenium\chromedriver\win64\139.0.7258.154\chromedriver.exe
]]></system-out>
    <system-err><![CDATA[Sept 05, 2025 5:57:31 PM org.openqa.selenium.devtools.CdpVersionFinder findNearestMatch
WARNING: Unable to find CDP implementation matching 139
Sept 05, 2025 5:57:31 PM org.openqa.selenium.chromium.ChromiumDriver lambda$new$5
WARNING: Unable to find version of CDP to use for 139.0.7258.155. You may need to include a dependency on a specific version of the CDP using something similar to `org.seleniumhq.selenium:selenium-devtools-v86:4.21.0` where the version ("v86") matches the version of the chromium-based browser you're using and the version number of the artifact is the same as Selenium's.
]]></system-err>
  </testcase>
  <testcase name="test3" classname="demo.demo_3" time="9.153">
    <system-out><![CDATA[17:57:33.725 [main] DEBUG io.github.bonigarcia.wdm.WebDriverManager -- Using WebDriverManager 5.7.0
17:57:33.793 [main] DEBUG io.github.bonigarcia.wdm.cache.ResolutionCache -- Resolution chrome=139 in cache (valid until 18:31:41 05/09/2025 IST)
17:57:33.795 [main] DEBUG io.github.bonigarcia.wdm.cache.ResolutionCache -- Resolution chrome139=139.0.7258.154 in cache (valid until 17:31:41 06/09/2025 IST)
17:57:33.795 [main] INFO io.github.bonigarcia.wdm.WebDriverManager -- Using chromedriver 139.0.7258.154 (resolved driver for Chrome 139)
17:57:33.845 [main] DEBUG io.github.bonigarcia.wdm.WebDriverManager -- Driver chromedriver 139.0.7258.154 found in cache
17:57:33.850 [main] INFO io.github.bonigarcia.wdm.WebDriverManager -- Exporting webdriver.chrome.driver as C:\Windows\system32\config\systemprofile\.cache\selenium\chromedriver\win64\139.0.7258.154\chromedriver.exe
]]></system-out>
    <system-err><![CDATA[Sept 05, 2025 5:57:35 PM org.openqa.selenium.devtools.CdpVersionFinder findNearestMatch
WARNING: Unable to find CDP implementation matching 139
Sept 05, 2025 5:57:35 PM org.openqa.selenium.chromium.ChromiumDriver lambda$new$5
WARNING: Unable to find version of CDP to use for 139.0.7258.155. You may need to include a dependency on a specific version of the CDP using something similar to `org.seleniumhq.selenium:selenium-devtools-v86:4.21.0` where the version ("v86") matches the version of the chromium-based browser you're using and the version number of the artifact is the same as Selenium's.
]]></system-err>
  </testcase>
  <testcase name="test3" classname="demo.demo_6" time="12.169">
    <system-out><![CDATA[17:57:42.880 [main] DEBUG io.github.bonigarcia.wdm.WebDriverManager -- Using WebDriverManager 5.7.0
17:57:42.952 [main] DEBUG io.github.bonigarcia.wdm.cache.ResolutionCache -- Resolution chrome=139 in cache (valid until 18:31:41 05/09/2025 IST)
17:57:42.956 [main] DEBUG io.github.bonigarcia.wdm.cache.ResolutionCache -- Resolution chrome139=139.0.7258.154 in cache (valid until 17:31:41 06/09/2025 IST)
17:57:42.956 [main] INFO io.github.bonigarcia.wdm.WebDriverManager -- Using chromedriver 139.0.7258.154 (resolved driver for Chrome 139)
17:57:43.014 [main] DEBUG io.github.bonigarcia.wdm.WebDriverManager -- Driver chromedriver 139.0.7258.154 found in cache
17:57:43.021 [main] INFO io.github.bonigarcia.wdm.WebDriverManager -- Exporting webdriver.chrome.driver as C:\Windows\system32\config\systemprofile\.cache\selenium\chromedriver\win64\139.0.7258.154\chromedriver.exe
]]></system-out>
    <system-err><![CDATA[Sept 05, 2025 5:57:44 PM org.openqa.selenium.devtools.CdpVersionFinder findNearestMatch
WARNING: Unable to find CDP implementation matching 139
Sept 05, 2025 5:57:44 PM org.openqa.selenium.chromium.ChromiumDriver lambda$new$5
WARNING: Unable to find version of CDP to use for 139.0.7258.155. You may need to include a dependency on a specific version of the CDP using something similar to `org.seleniumhq.selenium:selenium-devtools-v86:4.21.0` where the version ("v86") matches the version of the chromium-based browser you're using and the version number of the artifact is the same as Selenium's.
]]></system-err>
  </testcase>
  <testcase name="test3" classname="demo.demo_5" time="3.782">
    <system-out><![CDATA[17:57:55.053 [main] DEBUG io.github.bonigarcia.wdm.WebDriverManager -- Using WebDriverManager 5.7.0
17:57:55.132 [main] DEBUG io.github.bonigarcia.wdm.cache.ResolutionCache -- Resolution chrome=139 in cache (valid until 18:31:41 05/09/2025 IST)
17:57:55.135 [main] DEBUG io.github.bonigarcia.wdm.cache.ResolutionCache -- Resolution chrome139=139.0.7258.154 in cache (valid until 17:31:41 06/09/2025 IST)
17:57:55.135 [main] INFO io.github.bonigarcia.wdm.WebDriverManager -- Using chromedriver 139.0.7258.154 (resolved driver for Chrome 139)
17:57:55.182 [main] DEBUG io.github.bonigarcia.wdm.WebDriverManager -- Driver chromedriver 139.0.7258.154 found in cache
17:57:55.186 [main] INFO io.github.bonigarcia.wdm.WebDriverManager -- Exporting webdriver.chrome.driver as C:\Windows\system32\config\systemprofile\.cache\selenium\chromedriver\win64\139.0.7258.154\chromedriver.exe
]]></system-out>
    <system-err><![CDATA[Sept 05, 2025 5:57:57 PM org.openqa.selenium.devtools.CdpVersionFinder findNearestMatch
WARNING: Unable to find CDP implementation matching 139
Sept 05, 2025 5:57:57 PM org.openqa.selenium.chromium.ChromiumDriver lambda$new$5
WARNING: Unable to find version of CDP to use for 139.0.7258.155. You may need to include a dependency on a specific version of the CDP using something similar to `org.seleniumhq.selenium:selenium-devtools-v86:4.21.0` where the version ("v86") matches the version of the chromium-based browser you're using and the version number of the artifact is the same as Selenium's.
]]></system-err>
  </testcase>
</testsuite>