<?xml version="1.0" encoding="UTF-8"?>
<testng-results ignored="0" total="3" passed="3" failed="0" skipped="0">
  <reporter-output>
  </reporter-output>
  <suite started-at="2025-08-07T03:15:45 IST" name="Suite" finished-at="2025-08-07T03:15:52 IST" duration-ms="6765">
    <groups>
    </groups>
    <test started-at="2025-08-07T03:15:45 IST" name="Test" finished-at="2025-08-07T03:15:52 IST" duration-ms="6765">
      <class name="demo.demo_1">
        <test-method signature="test1()[pri:0, instance:demo.demo_1@279fedbd]" started-at="2025-08-07T03:15:47 IST" name="test1" finished-at="2025-08-07T03:15:49 IST" duration-ms="1774" status="PASS">
          <reporter-output>
          </reporter-output>
        </test-method> <!-- test1 -->
        <test-method signature="test2()[pri:0, instance:demo.demo_1@279fedbd]" started-at="2025-08-07T03:15:49 IST" name="test2" finished-at="2025-08-07T03:15:52 IST" duration-ms="2592" status="PASS">
          <reporter-output>
          </reporter-output>
        </test-method> <!-- test2 -->
      </class> <!-- demo.demo_1 -->
      <class name="demo.demo_2">
        <test-method signature="test3()[pri:0, instance:demo.demo_2@55fe41ea]" started-at="2025-08-07T03:15:45 IST" name="test3" finished-at="2025-08-07T03:15:47 IST" duration-ms="2363" status="PASS">
          <reporter-output>
          </reporter-output>
        </test-method> <!-- test3 -->
      </class> <!-- demo.demo_2 -->
    </test> <!-- Test -->
  </suite> <!-- Suite -->
</testng-results>
