<?xml version="1.0" encoding="UTF-8"?>
<testng-results ignored="0" total="8" passed="8" failed="0" skipped="0">
  <reporter-output>
  </reporter-output>
  <suite started-at="2025-09-05T17:57:08 IST" name="Suite" finished-at="2025-09-05T17:57:58 IST" duration-ms="50028">
    <groups>
    </groups>
    <test started-at="2025-09-05T17:57:08 IST" name="Test" finished-at="2025-09-05T17:57:58 IST" duration-ms="50028">
      <class name="demo.demo_3">
        <test-method signature="test3()[pri:0, instance:demo.demo_3@131ef10]" started-at="2025-09-05T17:57:33 IST" name="test3" finished-at="2025-09-05T17:57:42 IST" duration-ms="9152" status="PASS">
          <reporter-output>
          </reporter-output>
        </test-method> <!-- test3 -->
      </class> <!-- demo.demo_3 -->
      <class name="demo.demo_4">
        <test-method signature="test3()[pri:0, instance:demo.demo_4@7bedc48a]" started-at="2025-09-05T17:57:29 IST" name="test3" finished-at="2025-09-05T17:57:33 IST" duration-ms="4580" status="PASS">
          <reporter-output>
          </reporter-output>
        </test-method> <!-- test3 -->
      </class> <!-- demo.demo_4 -->
      <class name="demo.demo_1">
        <test-method signature="test1()[pri:0, instance:demo.demo_1@6c40365c]" started-at="2025-09-05T17:57:20 IST" name="test1" finished-at="2025-09-05T17:57:24 IST" duration-ms="3741" status="PASS">
          <reporter-output>
          </reporter-output>
        </test-method> <!-- test1 -->
        <test-method signature="test2()[pri:0, instance:demo.demo_1@6c40365c]" started-at="2025-09-05T17:57:24 IST" name="test2" finished-at="2025-09-05T17:57:29 IST" duration-ms="4401" status="PASS">
          <reporter-output>
          </reporter-output>
        </test-method> <!-- test2 -->
      </class> <!-- demo.demo_1 -->
      <class name="demo.demo_2">
        <test-method signature="test3()[pri:0, instance:demo.demo_2@41a2befb]" started-at="2025-09-05T17:57:16 IST" name="test3" finished-at="2025-09-05T17:57:20 IST" duration-ms="4235" status="PASS">
          <reporter-output>
          </reporter-output>
        </test-method> <!-- test3 -->
      </class> <!-- demo.demo_2 -->
      <class name="demo.demo_7">
        <test-method signature="test3()[pri:0, instance:demo.demo_7@4c178a76]" started-at="2025-09-05T17:57:08 IST" name="test3" finished-at="2025-09-05T17:57:16 IST" duration-ms="7756" status="PASS">
          <reporter-output>
          </reporter-output>
        </test-method> <!-- test3 -->
      </class> <!-- demo.demo_7 -->
      <class name="demo.demo_5">
        <test-method signature="test3()[pri:0, instance:demo.demo_5@38afe297]" started-at="2025-09-05T17:57:55 IST" name="test3" finished-at="2025-09-05T17:57:58 IST" duration-ms="3782" status="PASS">
          <reporter-output>
          </reporter-output>
        </test-method> <!-- test3 -->
      </class> <!-- demo.demo_5 -->
      <class name="demo.demo_6">
        <test-method signature="test3()[pri:0, instance:demo.demo_6@55b0dcab]" started-at="2025-09-05T17:57:42 IST" name="test3" finished-at="2025-09-05T17:57:55 IST" duration-ms="12170" status="PASS">
          <reporter-output>
          </reporter-output>
        </test-method> <!-- test3 -->
      </class> <!-- demo.demo_6 -->
    </test> <!-- Test -->
  </suite> <!-- Suite -->
</testng-results>
