<?xml version="1.0" encoding="UTF-8"?>
<testng-results ignored="0" total="8" passed="8" failed="0" skipped="0">
  <reporter-output>
  </reporter-output>
  <suite started-at="2025-09-05T11:45:28 IST" name="Suite" finished-at="2025-09-05T11:46:40 IST" duration-ms="72402">
    <groups>
    </groups>
    <test started-at="2025-09-05T11:45:28 IST" name="Test" finished-at="2025-09-05T11:46:40 IST" duration-ms="72402">
      <class name="demo.demo_3">
        <test-method signature="test3()[pri:0, instance:demo.demo_3@6f27a732]" started-at="2025-09-05T11:45:46 IST" name="test3" finished-at="2025-09-05T11:45:52 IST" duration-ms="5963" status="PASS">
          <reporter-output>
          </reporter-output>
        </test-method> <!-- test3 -->
      </class> <!-- demo.demo_3 -->
      <class name="demo.demo_4">
        <test-method signature="test3()[pri:0, instance:demo.demo_4@68e965f5]" started-at="2025-09-05T11:45:42 IST" name="test3" finished-at="2025-09-05T11:45:46 IST" duration-ms="3963" status="PASS">
          <reporter-output>
          </reporter-output>
        </test-method> <!-- test3 -->
      </class> <!-- demo.demo_4 -->
      <class name="demo.demo_1">
        <test-method signature="test1()[pri:0, instance:demo.demo_1@76f2bbc1]" started-at="2025-09-05T11:45:37 IST" name="test1" finished-at="2025-09-05T11:45:39 IST" duration-ms="2754" status="PASS">
          <reporter-output>
          </reporter-output>
        </test-method> <!-- test1 -->
        <test-method signature="test2()[pri:0, instance:demo.demo_1@76f2bbc1]" started-at="2025-09-05T11:45:39 IST" name="test2" finished-at="2025-09-05T11:45:42 IST" duration-ms="2899" status="PASS">
          <reporter-output>
          </reporter-output>
        </test-method> <!-- test2 -->
      </class> <!-- demo.demo_1 -->
      <class name="demo.demo_2">
        <test-method signature="test3()[pri:0, instance:demo.demo_2@8317c52]" started-at="2025-09-05T11:45:34 IST" name="test3" finished-at="2025-09-05T11:45:37 IST" duration-ms="2987" status="PASS">
          <reporter-output>
          </reporter-output>
        </test-method> <!-- test3 -->
      </class> <!-- demo.demo_2 -->
      <class name="demo.demo_7">
        <test-method signature="test3()[pri:0, instance:demo.demo_7@c03cf28]" started-at="2025-09-05T11:45:28 IST" name="test3" finished-at="2025-09-05T11:45:34 IST" duration-ms="5755" status="PASS">
          <reporter-output>
          </reporter-output>
        </test-method> <!-- test3 -->
      </class> <!-- demo.demo_7 -->
      <class name="demo.demo_5">
        <test-method signature="test3()[pri:0, instance:demo.demo_5@f381794]" started-at="2025-09-05T11:46:38 IST" name="test3" finished-at="2025-09-05T11:46:40 IST" duration-ms="2483" status="PASS">
          <reporter-output>
          </reporter-output>
        </test-method> <!-- test3 -->
      </class> <!-- demo.demo_5 -->
      <class name="demo.demo_6">
        <test-method signature="test3()[pri:0, instance:demo.demo_6@6c779568]" started-at="2025-09-05T11:45:52 IST" name="test3" finished-at="2025-09-05T11:46:38 IST" duration-ms="45441" status="PASS">
          <reporter-output>
          </reporter-output>
        </test-method> <!-- test3 -->
      </class> <!-- demo.demo_6 -->
    </test> <!-- Test -->
  </suite> <!-- Suite -->
</testng-results>
