<?xml version="1.0" encoding="UTF-8"?>
<testng-results ignored="0" total="3" passed="3" failed="0" skipped="0">
  <reporter-output>
  </reporter-output>
  <suite started-at="2025-08-07T02:29:00 IST" name="Suite" finished-at="2025-08-07T02:29:13 IST" duration-ms="13040">
    <groups>
    </groups>
    <test started-at="2025-08-07T02:29:00 IST" name="Test" finished-at="2025-08-07T02:29:13 IST" duration-ms="13040">
      <class name="demo.demo_1">
        <test-method signature="test1()[pri:0, instance:demo.demo_1@236e3f4e]" started-at="2025-08-07T02:29:05 IST" name="test1" finished-at="2025-08-07T02:29:09 IST" duration-ms="3960" status="PASS">
          <reporter-output>
          </reporter-output>
        </test-method> <!-- test1 -->
        <test-method signature="test2()[pri:0, instance:demo.demo_1@236e3f4e]" started-at="2025-08-07T02:29:09 IST" name="test2" finished-at="2025-08-07T02:29:13 IST" duration-ms="3807" status="PASS">
          <reporter-output>
          </reporter-output>
        </test-method> <!-- test2 -->
      </class> <!-- demo.demo_1 -->
      <class name="demo.demo_2">
        <test-method signature="test3()[pri:0, instance:demo.demo_2@45ca843]" started-at="2025-08-07T02:29:00 IST" name="test3" finished-at="2025-08-07T02:29:05 IST" duration-ms="5174" status="PASS">
          <reporter-output>
          </reporter-output>
        </test-method> <!-- test3 -->
      </class> <!-- demo.demo_2 -->
    </test> <!-- Test -->
  </suite> <!-- Suite -->
</testng-results>
